Tue Jul 03 2018 21:24:28 GMT-0500 (Central Daylight Time): GET /about
Tue Jul 03 2018 21:24:55 GMT-0500 (Central Daylight Time): GET /about
Tue Jul 03 2018 21:24:58 GMT-0500 (Central Daylight Time): GET /about
Tue Jul 03 2018 21:25:17 GMT-0500 (Central Daylight Time): GET /about
Tue Jul 03 2018 21:25:19 GMT-0500 (Central Daylight Time): GET /about
Tue Jul 03 2018 21:25:20 GMT-0500 (Central Daylight Time): GET /about
Tue Jul 03 2018 21:25:21 GMT-0500 (Central Daylight Time): GET /
Tue Jul 03 2018 21:25:21 GMT-0500 (Central Daylight Time): GET /
Tue Jul 03 2018 21:26:05 GMT-0500 (Central Daylight Time): GET /
Tue Jul 03 2018 21:26:07 GMT-0500 (Central Daylight Time): GET /
Tue Jul 03 2018 21:27:35 GMT-0500 (Central Daylight Time): GET /
Tue Jul 03 2018 21:27:37 GMT-0500 (Central Daylight Time): GET /
Tue Jul 03 2018 21:27:39 GMT-0500 (Central Daylight Time): GET /
Tue Jul 03 2018 21:27:40 GMT-0500 (Central Daylight Time): GET /
Tue Jul 03 2018 21:27:41 GMT-0500 (Central Daylight Time): GET /about
Tue Jul 03 2018 21:27:42 GMT-0500 (Central Daylight Time): GET /about
Tue Jul 03 2018 21:27:44 GMT-0500 (Central Daylight Time): GET /about
Tue Jul 03 2018 21:28:09 GMT-0500 (Central Daylight Time): GET /about
Tue Jul 03 2018 21:29:02 GMT-0500 (Central Daylight Time): GET /about
Tue Jul 03 2018 21:29:06 GMT-0500 (Central Daylight Time): GET /about
Tue Jul 03 2018 21:29:09 GMT-0500 (Central Daylight Time): GET /
Tue Jul 03 2018 21:29:10 GMT-0500 (Central Daylight Time): GET /
Tue Jul 03 2018 21:29:11 GMT-0500 (Central Daylight Time): GET /
Tue Jul 03 2018 21:40:20 GMT-0500 (Central Daylight Time): GET /
Tue Jul 03 2018 21:40:23 GMT-0500 (Central Daylight Time): GET /
Tue Jul 03 2018 21:41:05 GMT-0500 (Central Daylight Time): GET /home
Tue Jul 03 2018 21:41:11 GMT-0500 (Central Daylight Time): GET /
Tue Jul 03 2018 21:41:15 GMT-0500 (Central Daylight Time): GET /about
Tue Jul 03 2018 21:43:05 GMT-0500 (Central Daylight Time): GET /help.html
Tue Jul 03 2018 21:43:31 GMT-0500 (Central Daylight Time): GET /
Tue Jul 03 2018 21:43:44 GMT-0500 (Central Daylight Time): GET /
Tue Jul 03 2018 21:43:47 GMT-0500 (Central Daylight Time): GET /about
Wed Jul 04 2018 19:07:20 GMT-0500 (Central Daylight Time): GET /
Wed Jul 04 2018 19:07:20 GMT-0500 (Central Daylight Time): GET /favicon.ico
